SELECT `TABLE_NAME` from `INFORMATION_SCHEMA`.`TABLES` WHERE `TABLE_SCHEMA`=? and `TABLE_NAME`=?
[gogs user]
SELECT `COLUMN_NAME` FROM `INFORMATION_SCHEMA`.`COLUMNS` WHERE `TABLE_SCHEMA` = ? AND `TABLE_NAME` = ? AND `COLUMN_NAME` = ?
[gogs user name]
SELECT `COLUMN_NAME` FROM `INFORMATION_SCHEMA`.`COLUMNS` WHERE `TABLE_SCHEMA` = ? AND `TABLE_NAME` = ? AND `COLUMN_NAME` = ?
[gogs user login_type]
SELECT `COLUMN_NAME` FROM `INFORMATION_SCHEMA`.`COLUMNS` WHERE `TABLE_SCHEMA` = ? AND `TABLE_NAME` = ? AND `COLUMN_NAME` = ?
[gogs user type]
SELECT `COLUMN_NAME` FROM `INFORMATION_SCHEMA`.`COLUMNS` WHERE `TABLE_SCHEMA` = ? AND `TABLE_NAME` = ? AND `COLUMN_NAME` = ?
[gogs user num_followers]
SELECT `COLUMN_NAME` FROM `INFORMATION_SCHEMA`.`COLUMNS` WHERE `TABLE_SCHEMA` = ? AND `TABLE_NAME` = ? AND `COLUMN_NAME` = ?
[gogs user num_followings]
SELECT `COLUMN_NAME` FROM `INFORMATION_SCHEMA`.`COLUMNS` WHERE `TABLE_SCHEMA` = ? AND `TABLE_NAME` = ? AND `COLUMN_NAME` = ?
[gogs user avatar]
SELECT `COLUMN_NAME` FROM `INFORMATION_SCHEMA`.`COLUMNS` WHERE `TABLE_SCHEMA` = ? AND `TABLE_NAME` = ? AND `COLUMN_NAME` = ?
[gogs user created]
SELECT `COLUMN_NAME` FROM `INFORMATION_SCHEMA`.`COLUMNS` WHERE `TABLE_SCHEMA` = ? AND `TABLE_NAME` = ? AND `COLUMN_NAME` = ?
[gogs user updated]
SELECT `COLUMN_NAME` FROM `INFORMATION_SCHEMA`.`COLUMNS` WHERE `TABLE_SCHEMA` = ? AND `TABLE_NAME` = ? AND `COLUMN_NAME` = ?
[gogs user id]
SELECT `COLUMN_NAME` FROM `INFORMATION_SCHEMA`.`COLUMNS` WHERE `TABLE_SCHEMA` = ? AND `TABLE_NAME` = ? AND `COLUMN_NAME` = ?
[gogs user email]
SELECT `COLUMN_NAME` FROM `INFORMATION_SCHEMA`.`COLUMNS` WHERE `TABLE_SCHEMA` = ? AND `TABLE_NAME` = ? AND `COLUMN_NAME` = ?
[gogs user lower_name]
SELECT `COLUMN_NAME` FROM `INFORMATION_SCHEMA`.`COLUMNS` WHERE `TABLE_SCHEMA` = ? AND `TABLE_NAME` = ? AND `COLUMN_NAME` = ?
[gogs user passwd]
SELECT `COLUMN_NAME` FROM `INFORMATION_SCHEMA`.`COLUMNS` WHERE `TABLE_SCHEMA` = ? AND `TABLE_NAME` = ? AND `COLUMN_NAME` = ?
[gogs user num_stars]
SELECT `COLUMN_NAME` FROM `INFORMATION_SCHEMA`.`COLUMNS` WHERE `TABLE_SCHEMA` = ? AND `TABLE_NAME` = ? AND `COLUMN_NAME` = ?
[gogs user num_repos]
SELECT `TABLE_NAME` from `INFORMATION_SCHEMA`.`TABLES` WHERE `TABLE_SCHEMA`=? and `TABLE_NAME`=?
[gogs public_key]
SELECT `COLUMN_NAME` FROM `INFORMATION_SCHEMA`.`COLUMNS` WHERE `TABLE_SCHEMA` = ? AND `TABLE_NAME` = ? AND `COLUMN_NAME` = ?
[gogs public_key id]
SELECT `COLUMN_NAME` FROM `INFORMATION_SCHEMA`.`COLUMNS` WHERE `TABLE_SCHEMA` = ? AND `TABLE_NAME` = ? AND `COLUMN_NAME` = ?
[gogs public_key owner_id]
SELECT `COLUMN_NAME` FROM `INFORMATION_SCHEMA`.`COLUMNS` WHERE `TABLE_SCHEMA` = ? AND `TABLE_NAME` = ? AND `COLUMN_NAME` = ?
[gogs public_key name]
SELECT `COLUMN_NAME` FROM `INFORMATION_SCHEMA`.`COLUMNS` WHERE `TABLE_SCHEMA` = ? AND `TABLE_NAME` = ? AND `COLUMN_NAME` = ?
[gogs public_key content]
SELECT `COLUMN_NAME` FROM `INFORMATION_SCHEMA`.`COLUMNS` WHERE `TABLE_SCHEMA` = ? AND `TABLE_NAME` = ? AND `COLUMN_NAME` = ?
[gogs public_key created]
SELECT `COLUMN_NAME` FROM `INFORMATION_SCHEMA`.`COLUMNS` WHERE `TABLE_SCHEMA` = ? AND `TABLE_NAME` = ? AND `COLUMN_NAME` = ?
[gogs public_key updated]
SELECT `TABLE_NAME` from `INFORMATION_SCHEMA`.`TABLES` WHERE `TABLE_SCHEMA`=? and `TABLE_NAME`=?
[gogs repo]
SELECT `COLUMN_NAME` FROM `INFORMATION_SCHEMA`.`COLUMNS` WHERE `TABLE_SCHEMA` = ? AND `TABLE_NAME` = ? AND `COLUMN_NAME` = ?
[gogs repo owner_id]
SELECT `COLUMN_NAME` FROM `INFORMATION_SCHEMA`.`COLUMNS` WHERE `TABLE_SCHEMA` = ? AND `TABLE_NAME` = ? AND `COLUMN_NAME` = ?
[gogs repo fork_id]
SELECT `COLUMN_NAME` FROM `INFORMATION_SCHEMA`.`COLUMNS` WHERE `TABLE_SCHEMA` = ? AND `TABLE_NAME` = ? AND `COLUMN_NAME` = ?
[gogs repo num_watchs]
SELECT `COLUMN_NAME` FROM `INFORMATION_SCHEMA`.`COLUMNS` WHERE `TABLE_SCHEMA` = ? AND `TABLE_NAME` = ? AND `COLUMN_NAME` = ?
[gogs repo id]
SELECT `COLUMN_NAME` FROM `INFORMATION_SCHEMA`.`COLUMNS` WHERE `TABLE_SCHEMA` = ? AND `TABLE_NAME` = ? AND `COLUMN_NAME` = ?
[gogs repo lower_name]
SELECT `COLUMN_NAME` FROM `INFORMATION_SCHEMA`.`COLUMNS` WHERE `TABLE_SCHEMA` = ? AND `TABLE_NAME` = ? AND `COLUMN_NAME` = ?
[gogs repo name]
SELECT `COLUMN_NAME` FROM `INFORMATION_SCHEMA`.`COLUMNS` WHERE `TABLE_SCHEMA` = ? AND `TABLE_NAME` = ? AND `COLUMN_NAME` = ?
[gogs repo num_stars]
SELECT `COLUMN_NAME` FROM `INFORMATION_SCHEMA`.`COLUMNS` WHERE `TABLE_SCHEMA` = ? AND `TABLE_NAME` = ? AND `COLUMN_NAME` = ?
[gogs repo num_forks]
SELECT `COLUMN_NAME` FROM `INFORMATION_SCHEMA`.`COLUMNS` WHERE `TABLE_SCHEMA` = ? AND `TABLE_NAME` = ? AND `COLUMN_NAME` = ?
[gogs repo created]
SELECT `COLUMN_NAME` FROM `INFORMATION_SCHEMA`.`COLUMNS` WHERE `TABLE_SCHEMA` = ? AND `TABLE_NAME` = ? AND `COLUMN_NAME` = ?
[gogs repo updated]
SELECT `TABLE_NAME` from `INFORMATION_SCHEMA`.`TABLES` WHERE `TABLE_SCHEMA`=? and `TABLE_NAME`=?
[gogs access]
SELECT `COLUMN_NAME` FROM `INFORMATION_SCHEMA`.`COLUMNS` WHERE `TABLE_SCHEMA` = ? AND `TABLE_NAME` = ? AND `COLUMN_NAME` = ?
[gogs access id]
SELECT `COLUMN_NAME` FROM `INFORMATION_SCHEMA`.`COLUMNS` WHERE `TABLE_SCHEMA` = ? AND `TABLE_NAME` = ? AND `COLUMN_NAME` = ?
[gogs access user_name]
SELECT `COLUMN_NAME` FROM `INFORMATION_SCHEMA`.`COLUMNS` WHERE `TABLE_SCHEMA` = ? AND `TABLE_NAME` = ? AND `COLUMN_NAME` = ?
[gogs access repo_name]
SELECT `COLUMN_NAME` FROM `INFORMATION_SCHEMA`.`COLUMNS` WHERE `TABLE_SCHEMA` = ? AND `TABLE_NAME` = ? AND `COLUMN_NAME` = ?
[gogs access mode]
SELECT `COLUMN_NAME` FROM `INFORMATION_SCHEMA`.`COLUMNS` WHERE `TABLE_SCHEMA` = ? AND `TABLE_NAME` = ? AND `COLUMN_NAME` = ?
[gogs access created]
